<?xml version="1.0" encoding="UTF-8"?>
<!-- Generated by org.testng.reporters.JUnitReportReporter -->
<testsuite skipped="0" hostname="703217907L" name="testcases.TestCase1" tests="1" failures="0" timestamp="04 Oct 2018 09:24:42 GMT" time="14.448" errors="0">
  <testcase name="verifyHomePage" time="14.448" classname="testcases.TestCase1"/>
</testsuite> <!-- testcases.TestCase1 -->
